2026-03-19 18:58:19 [[31merror[39m]: PostgreSQL connection failed:
2026-03-19 18:58:19 [[31merror[39m]: PostgreSQL connection failed:
2026-03-19 18:58:19 [[31merror[39m]: PostgreSQL connection failed:
2026-03-19 18:58:24 [[31merror[39m]: PostgreSQL connection failed:
2026-03-19 18:58:24 [[31merror[39m]: PostgreSQL connection failed:
2026-03-19 18:58:24 [[31merror[39m]: PostgreSQL connection failed:
2026-03-19 18:58:34 [[31merror[39m]: PostgreSQL connection failed:
2026-03-19 19:07:13 [[31merror[39m]: PostgreSQL connection failed:
2026-03-19 19:07:13 [[31merror[39m]: PostgreSQL connection failed:
2026-03-19 19:07:13 [[31merror[39m]: PostgreSQL connection failed:
2026-03-19 19:07:13 [[31merror[39m]: PostgreSQL connection failed:
2026-03-19 19:07:16 [[31merror[39m]: PostgreSQL connection failed:
2026-03-19 19:07:16 [[31merror[39m]: PostgreSQL connection failed:
2026-03-19 19:07:16 [[31merror[39m]: PostgreSQL connection failed:
2026-03-19 19:07:16 [[31merror[39m]: PostgreSQL connection failed:
2026-03-19 19:07:18 [[31merror[39m]: PostgreSQL connection failed:
2026-03-19 19:07:18 [[31merror[39m]: PostgreSQL connection failed:
2026-03-19 19:07:18 [[31merror[39m]: PostgreSQL connection failed:
2026-03-19 19:07:18 [[31merror[39m]: PostgreSQL connection failed:
2026-03-19 19:09:35 [[31merror[39m]: PostgreSQL connection failed:
2026-03-19 19:09:35 [[31merror[39m]: PostgreSQL connection failed:
2026-03-19 19:09:35 [[31merror[39m]: PostgreSQL connection failed:
2026-03-19 19:09:35 [[31merror[39m]: PostgreSQL connection failed:
2026-03-19 19:10:07 [[31merror[39m]: PostgreSQL connection failed:
2026-03-19 19:14:05 [[31merror[39m]: PostgreSQL connection failed:
2026-03-19 19:14:05 [[31merror[39m]: PostgreSQL connection failed:
2026-03-19 19:14:05 [[31merror[39m]: PostgreSQL connection failed:
2026-03-19 19:14:05 [[31merror[39m]: PostgreSQL connection failed:
2026-03-19 19:14:06 [[31merror[39m]: PostgreSQL connection failed:
2026-03-19 19:14:10 [[31merror[39m]: PostgreSQL connection failed:
2026-03-19 19:14:10 [[31merror[39m]: PostgreSQL connection failed:
2026-03-19 19:14:10 [[31merror[39m]: PostgreSQL connection failed:
2026-03-19 19:14:10 [[31merror[39m]: PostgreSQL connection failed:
2026-03-19 19:14:10 [[31merror[39m]: PostgreSQL connection failed:
2026-03-19 19:14:17 [[31merror[39m]: PostgreSQL connection failed:
2026-03-19 19:14:17 [[31merror[39m]: PostgreSQL connection failed:
2026-03-19 19:14:17 [[31merror[39m]: PostgreSQL connection failed:
2026-03-19 19:14:17 [[31merror[39m]: PostgreSQL connection failed:
2026-03-19 19:14:17 [[31merror[39m]: PostgreSQL connection failed:
2026-03-19 19:14:21 [[31merror[39m]: PostgreSQL connection failed:
2026-03-19 19:14:21 [[31merror[39m]: PostgreSQL connection failed:
2026-03-19 19:14:21 [[31merror[39m]: PostgreSQL connection failed:
2026-03-19 19:14:21 [[31merror[39m]: PostgreSQL connection failed:
2026-03-19 19:14:21 [[31merror[39m]: PostgreSQL connection failed:
2026-03-19 19:19:20 [[31merror[39m]: PostgreSQL connection failed:
2026-03-19 19:19:20 [[31merror[39m]: PostgreSQL connection failed:
2026-03-19 19:19:20 [[31merror[39m]: PostgreSQL connection failed:
2026-03-19 19:19:20 [[31merror[39m]: PostgreSQL connection failed:
2026-03-19 19:19:20 [[31merror[39m]: PostgreSQL connection failed:
2026-03-19 19:19:29 [[31merror[39m]: PostgreSQL connection failed:
2026-03-19 19:19:29 [[31merror[39m]: PostgreSQL connection failed:
2026-03-19 19:19:29 [[31merror[39m]: PostgreSQL connection failed:
2026-03-19 19:19:29 [[31merror[39m]: PostgreSQL connection failed:
2026-03-19 19:19:29 [[31merror[39m]: PostgreSQL connection failed:
2026-03-19 19:23:19 [[31merror[39m]: PostgreSQL connection failed:
2026-03-19 19:30:04 [[31merror[39m]: PostgreSQL connection failed:
2026-03-19 19:30:04 [[31merror[39m]: PostgreSQL connection failed:
2026-03-19 19:30:04 [[31merror[39m]: PostgreSQL connection failed:
2026-03-19 19:30:04 [[31merror[39m]: PostgreSQL connection failed:
2026-03-19 19:30:05 [[31merror[39m]: PostgreSQL connection failed:
2026-03-19 19:30:05 [[31merror[39m]: PostgreSQL connection failed:
2026-03-20 10:46:31 [[31merror[39m]: PostgreSQL connection failed:
2026-03-20 10:49:55 [[31merror[39m]: PostgreSQL connection failed:
2026-03-20 10:50:20 [[31merror[39m]: PostgreSQL connection failed:
2026-03-20 10:59:36 [[31merror[39m]: PostgreSQL connection failed:
2026-03-20 11:06:56 [[32minfo[39m]: PostgreSQL connected: PostgreSQL 18.3
2026-03-20 11:06:56 [[32minfo[39m]: PostgreSQL connected: PostgreSQL 18.3
2026-03-20 11:06:56 [[32minfo[39m]: ✅ PostgreSQL connected
2026-03-20 11:06:56 [[32minfo[39m]: Socket.IO ready
2026-03-20 11:06:56 [[32minfo[39m]: ✅ Socket.IO initialised
2026-03-20 11:06:56 [[32minfo[39m]: 🚀 SwasthyaAI API  →  http://localhost:5000
2026-03-20 11:06:56 [[32minfo[39m]: 📋 Environment     →  development
2026-03-20 11:06:56 [[32minfo[39m]: 📡 SMS Provider    →  console
2026-03-20 11:06:56 [[32minfo[39m]: 🎥 Video Provider  →  jitsi
2026-03-20 11:06:58 [[32minfo[39m]: PostgreSQL connected: PostgreSQL 18.3
2026-03-20 11:06:58 [[32minfo[39m]: ✅ PostgreSQL connected
2026-03-20 11:06:58 [[32minfo[39m]: Socket.IO ready
2026-03-20 11:06:58 [[32minfo[39m]: ✅ Socket.IO initialised
2026-03-20 11:06:58 [[32minfo[39m]: 🚀 SwasthyaAI API  →  http://localhost:5000
2026-03-20 11:06:58 [[32minfo[39m]: 📋 Environment     →  development
2026-03-20 11:06:58 [[32minfo[39m]: 📡 SMS Provider    →  console
2026-03-20 11:06:58 [[32minfo[39m]: 🎥 Video Provider  →  jitsi
2026-03-20 11:06:58 [[32minfo[39m]: PostgreSQL connected: PostgreSQL 18.3
2026-03-20 11:07:22 [[32minfo[39m]: PostgreSQL connected: PostgreSQL 18.3
2026-03-20 11:07:22 [[32minfo[39m]: ✅ PostgreSQL connected
2026-03-20 11:07:22 [[32minfo[39m]: Socket.IO ready
2026-03-20 11:07:22 [[32minfo[39m]: ✅ Socket.IO initialised
2026-03-20 11:07:22 [[32minfo[39m]: 🚀 SwasthyaAI API  →  http://localhost:5000
2026-03-20 11:07:22 [[32minfo[39m]: 📋 Environment     →  development
2026-03-20 11:07:22 [[32minfo[39m]: 📡 SMS Provider    →  console
2026-03-20 11:07:22 [[32minfo[39m]: 🎥 Video Provider  →  jitsi
2026-03-20 11:07:22 [[32minfo[39m]: PostgreSQL connected: PostgreSQL 18.3
2026-03-20 11:07:23 [[32minfo[39m]: PostgreSQL connected: PostgreSQL 18.3
2026-03-20 11:07:23 [[32minfo[39m]: ✅ PostgreSQL connected
2026-03-20 11:07:23 [[32minfo[39m]: Socket.IO ready
2026-03-20 11:07:23 [[32minfo[39m]: ✅ Socket.IO initialised
2026-03-20 11:07:23 [[32minfo[39m]: 🚀 SwasthyaAI API  →  http://localhost:5000
2026-03-20 11:07:23 [[32minfo[39m]: 📋 Environment     →  development
2026-03-20 11:07:23 [[32minfo[39m]: 📡 SMS Provider    →  console
2026-03-20 11:07:23 [[32minfo[39m]: 🎥 Video Provider  →  jitsi
2026-03-20 11:07:23 [[32minfo[39m]: PostgreSQL connected: PostgreSQL 18.3
2026-03-20 11:07:40 [[32minfo[39m]: PostgreSQL connected: PostgreSQL 18.3
2026-03-20 11:07:40 [[32minfo[39m]: ✅ PostgreSQL connected
2026-03-20 11:07:40 [[32minfo[39m]: Socket.IO ready
2026-03-20 11:07:40 [[32minfo[39m]: ✅ Socket.IO initialised
2026-03-20 11:07:40 [[32minfo[39m]: 🚀 SwasthyaAI API  →  http://localhost:5000
2026-03-20 11:07:40 [[32minfo[39m]: 📋 Environment     →  development
2026-03-20 11:07:40 [[32minfo[39m]: 📡 SMS Provider    →  console
2026-03-20 11:07:40 [[32minfo[39m]: 🎥 Video Provider  →  jitsi
2026-03-20 11:07:40 [[32minfo[39m]: PostgreSQL connected: PostgreSQL 18.3
2026-03-20 11:07:41 [[32minfo[39m]: PostgreSQL connected: PostgreSQL 18.3
2026-03-20 11:07:41 [[32minfo[39m]: ✅ PostgreSQL connected
2026-03-20 11:07:41 [[32minfo[39m]: Socket.IO ready
2026-03-20 11:07:41 [[32minfo[39m]: ✅ Socket.IO initialised
2026-03-20 11:07:41 [[32minfo[39m]: 🚀 SwasthyaAI API  →  http://localhost:5000
2026-03-20 11:07:41 [[32minfo[39m]: 📋 Environment     →  development
2026-03-20 11:07:41 [[32minfo[39m]: 📡 SMS Provider    →  console
2026-03-20 11:07:41 [[32minfo[39m]: 🎥 Video Provider  →  jitsi
2026-03-20 11:07:42 [[32minfo[39m]: PostgreSQL connected: PostgreSQL 18.3
2026-03-20 11:07:59 [[32minfo[39m]: PostgreSQL connected: PostgreSQL 18.3
2026-03-20 11:08:40 [[32minfo[39m]: PostgreSQL connected: PostgreSQL 18.3
2026-03-20 11:08:40 [[32minfo[39m]: ✅ PostgreSQL connected
2026-03-20 11:08:40 [[32minfo[39m]: Socket.IO ready
2026-03-20 11:08:40 [[32minfo[39m]: ✅ Socket.IO initialised
2026-03-20 11:08:40 [[32minfo[39m]: 🚀 SwasthyaAI API  →  http://localhost:5000
2026-03-20 11:08:40 [[32minfo[39m]: 📋 Environment     →  development
2026-03-20 11:08:40 [[32minfo[39m]: 📡 SMS Provider    →  console
2026-03-20 11:08:40 [[32minfo[39m]: 🎥 Video Provider  →  jitsi
2026-03-20 11:09:10 [[32mhttp[39m]: ::1 - - [20/Mar/2026:05:39:10 +0000] "GET /health HTTP/1.1" 200 149 "-" "Mozilla/5.0 (Windows NT; Windows NT 10.0; en-IN) WindowsPowerShell/5.1.26100.7920"
2026-03-20 11:09:34 [[32mhttp[39m]: ::1 - - [20/Mar/2026:05:39:34 +0000] "POST /api/auth/login/doctor HTTP/1.1" 200 882 "-" "node"
2026-03-20 11:09:52 [[32mhttp[39m]: ::1 - - [20/Mar/2026:05:39:52 +0000] "POST /api/auth/login/user HTTP/1.1" 200 869 "-" "node"
2026-03-20 11:09:52 [[32mhttp[39m]: ::1 - - [20/Mar/2026:05:39:52 +0000] "GET /api/appointments/my HTTP/1.1" 200 545 "-" "node"
2026-03-20 11:10:07 [[32mhttp[39m]: ::1 - - [20/Mar/2026:05:40:07 +0000] "POST /api/auth/login/doctor HTTP/1.1" 200 882 "-" "node"
2026-03-20 11:10:08 [[32mhttp[39m]: ::1 - - [20/Mar/2026:05:40:08 +0000] "GET /api/doctors/dashboard HTTP/1.1" 200 101 "-" "node"
2026-03-20 11:12:54 [[32mhttp[39m]: ::1 - - [20/Mar/2026:05:42:54 +0000] "GET /api/admin/who-queue HTTP/1.1" 401 65 "-" "node"
2026-03-20 11:13:03 [[32mhttp[39m]: ::1 - - [20/Mar/2026:05:43:03 +0000] "GET /api/admin/who-queue HTTP/1.1" 200 46 "-" "node"
2026-03-20 11:13:23 [[32mhttp[39m]: ::1 - - [20/Mar/2026:05:43:23 +0000] "GET /api/ops/dashboard HTTP/1.1" 200 219 "-" "node"
2026-03-20 11:36:56 [[32minfo[39m]: PostgreSQL connected: PostgreSQL 18.3
2026-03-20 11:36:56 [[32minfo[39m]: PostgreSQL connected: PostgreSQL 18.3
2026-03-20 11:36:56 [[32minfo[39m]: PostgreSQL connected: PostgreSQL 18.3
2026-03-20 11:36:56 [[32minfo[39m]: ✅ PostgreSQL connected
2026-03-20 11:36:56 [[32minfo[39m]: Socket.IO ready
2026-03-20 11:36:56 [[32minfo[39m]: ✅ Socket.IO initialised
2026-03-20 11:36:56 [[32minfo[39m]: 🚀 SwasthyaAI API  →  http://localhost:5000
2026-03-20 11:36:56 [[32minfo[39m]: 📋 Environment     →  development
2026-03-20 11:36:56 [[32minfo[39m]: 📡 SMS Provider    →  console
2026-03-20 11:36:56 [[32minfo[39m]: 🎥 Video Provider  →  jitsi
2026-03-20 11:36:56 [[32minfo[39m]: PostgreSQL connected: PostgreSQL 18.3
2026-03-20 17:26:48 [[32minfo[39m]: PostgreSQL connected: PostgreSQL 18.3
2026-03-20 17:26:48 [[32minfo[39m]: ✅ PostgreSQL connected
2026-03-20 17:26:48 [[32minfo[39m]: Socket.IO ready
2026-03-20 17:26:48 [[32minfo[39m]: ✅ Socket.IO initialised
2026-03-20 17:26:48 [[32minfo[39m]: 🚀 SwasthyaAI API  →  http://localhost:5000
2026-03-20 17:26:48 [[32minfo[39m]: 📋 Environment     →  development
2026-03-20 17:26:48 [[32minfo[39m]: 📡 SMS Provider    →  console
2026-03-20 17:26:48 [[32minfo[39m]: 🎥 Video Provider  →  jitsi
2026-03-20 17:27:44 [[32minfo[39m]: PostgreSQL connected: PostgreSQL 18.3
2026-03-20 17:27:58 [[32mhttp[39m]: ::1 - - [20/Mar/2026:11:57:58 +0000] "GET /health HTTP/1.1" 200 149 "-" "Mozilla/5.0 (Windows NT; Windows NT 10.0; en-IN) WindowsPowerShell/5.1.26100.7920"
2026-03-20 17:35:39 [[32mhttp[39m]: ::1 - - [20/Mar/2026:12:05:39 +0000] "POST /api/auth/login/admin HTTP/1.1" 401 55 "-" "axios/1.13.6"
2026-03-20 17:36:47 [[32minfo[39m]: PostgreSQL connected: PostgreSQL 18.3
2026-03-20 17:36:47 [[32minfo[39m]: ✅ PostgreSQL connected
2026-03-20 17:36:47 [[32minfo[39m]: Socket.IO ready
2026-03-20 17:36:47 [[32minfo[39m]: ✅ Socket.IO initialised
2026-03-20 17:36:47 [[32minfo[39m]: 🚀 SwasthyaAI API  →  http://localhost:5000
2026-03-20 17:36:47 [[32minfo[39m]: 📋 Environment     →  development
2026-03-20 17:36:47 [[32minfo[39m]: 📡 SMS Provider    →  console
2026-03-20 17:36:47 [[32minfo[39m]: 🎥 Video Provider  →  jitsi
2026-03-20 17:36:48 [[32minfo[39m]: PostgreSQL connected: PostgreSQL 18.3
2026-03-20 17:36:48 [[32minfo[39m]: ✅ PostgreSQL connected
2026-03-20 17:36:48 [[32minfo[39m]: Socket.IO ready
2026-03-20 17:36:48 [[32minfo[39m]: ✅ Socket.IO initialised
2026-03-20 17:36:48 [[32minfo[39m]: 🚀 SwasthyaAI API  →  http://localhost:5000
2026-03-20 17:36:48 [[32minfo[39m]: 📋 Environment     →  development
2026-03-20 17:36:48 [[32minfo[39m]: 📡 SMS Provider    →  console
2026-03-20 17:36:48 [[32minfo[39m]: 🎥 Video Provider  →  jitsi
2026-03-20 17:36:58 [[32minfo[39m]: PostgreSQL connected: PostgreSQL 18.3
2026-03-20 17:36:58 [[32minfo[39m]: ✅ PostgreSQL connected
2026-03-20 17:36:58 [[32minfo[39m]: Socket.IO ready
2026-03-20 17:36:58 [[32minfo[39m]: ✅ Socket.IO initialised
2026-03-20 17:36:58 [[32minfo[39m]: 🚀 SwasthyaAI API  →  http://localhost:5000
2026-03-20 17:36:58 [[32minfo[39m]: 📋 Environment     →  development
2026-03-20 17:36:58 [[32minfo[39m]: 📡 SMS Provider    →  console
2026-03-20 17:36:58 [[32minfo[39m]: 🎥 Video Provider  →  jitsi
2026-03-20 17:37:01 [[31merror[39m]: [POST] /api/auth/login/admin — 500: column "refresh_token" of relation "admins" does not exist
error: column "refresh_token" of relation "admins" does not exist
    at C:\Users\DELL\OneDrive\Desktop\ET Gen AI Hackathon\SwasthyaAI\backend\node_modules\pg-pool\index.js:45:11
    at process.processTicksAndRejections (node:internal/process/task_queues:104:5)
    at async exports.loginAdmin (C:\Users\DELL\OneDrive\Desktop\ET Gen AI Hackathon\SwasthyaAI\backend\src\controllers\auth.controller.js:142:5)
2026-03-20 17:37:01 [[32mhttp[39m]: ::1 - - [20/Mar/2026:12:07:01 +0000] "POST /api/auth/login/admin HTTP/1.1" 500 536 "-" "axios/1.13.6"
2026-03-20 17:38:09 [[31merror[39m]: [POST] /api/auth/login/admin — 500: column "refresh_token" of relation "admins" does not exist
error: column "refresh_token" of relation "admins" does not exist
    at C:\Users\DELL\OneDrive\Desktop\ET Gen AI Hackathon\SwasthyaAI\backend\node_modules\pg-pool\index.js:45:11
    at process.processTicksAndRejections (node:internal/process/task_queues:104:5)
    at async exports.loginAdmin (C:\Users\DELL\OneDrive\Desktop\ET Gen AI Hackathon\SwasthyaAI\backend\src\controllers\auth.controller.js:142:5)
2026-03-20 17:38:09 [[32mhttp[39m]: ::1 - - [20/Mar/2026:12:08:09 +0000] "POST /api/auth/login/admin HTTP/1.1" 500 536 "-" "axios/1.13.6"
2026-03-20 17:38:27 [[32minfo[39m]: PostgreSQL connected: PostgreSQL 18.3
2026-03-20 17:38:27 [[32minfo[39m]: ✅ PostgreSQL connected
2026-03-20 17:38:27 [[32minfo[39m]: Socket.IO ready
2026-03-20 17:38:27 [[32minfo[39m]: ✅ Socket.IO initialised
2026-03-20 17:38:27 [[32minfo[39m]: 🚀 SwasthyaAI API  →  http://localhost:5000
2026-03-20 17:38:27 [[32minfo[39m]: 📋 Environment     →  development
2026-03-20 17:38:27 [[32minfo[39m]: 📡 SMS Provider    →  console
2026-03-20 17:38:27 [[32minfo[39m]: 🎥 Video Provider  →  jitsi
2026-03-20 17:39:29 [[32minfo[39m]: PostgreSQL connected: PostgreSQL 18.3
2026-03-20 17:39:29 [[32minfo[39m]: ✅ PostgreSQL connected
2026-03-20 17:39:29 [[32minfo[39m]: Socket.IO ready
2026-03-20 17:39:29 [[32minfo[39m]: ✅ Socket.IO initialised
2026-03-20 17:39:29 [[32minfo[39m]: 🚀 SwasthyaAI API  →  http://localhost:5000
2026-03-20 17:39:29 [[32minfo[39m]: 📋 Environment     →  development
2026-03-20 17:39:29 [[32minfo[39m]: 📡 SMS Provider    →  console
2026-03-20 17:39:29 [[32minfo[39m]: 🎥 Video Provider  →  jitsi
2026-03-20 17:40:16 [[32mhttp[39m]: ::1 - - [20/Mar/2026:12:10:16 +0000] "POST /api/auth/login/admin HTTP/1.1" 200 625 "-" "axios/1.13.6"
2026-03-20 17:50:41 [[32minfo[39m]: PostgreSQL connected: PostgreSQL 18.3
2026-03-20 17:50:41 [[32minfo[39m]: ✅ PostgreSQL connected
2026-03-20 17:50:41 [[32minfo[39m]: Socket.IO ready
2026-03-20 17:50:41 [[32minfo[39m]: ✅ Socket.IO initialised
2026-03-20 17:50:41 [[32minfo[39m]: 🚀 SwasthyaAI API  →  http://localhost:5000
2026-03-20 17:50:41 [[32minfo[39m]: 📋 Environment     →  development
2026-03-20 17:50:41 [[32minfo[39m]: 📡 SMS Provider    →  console
2026-03-20 17:50:41 [[32minfo[39m]: 🎥 Video Provider  →  jitsi
2026-03-20 17:51:08 [[32minfo[39m]: PostgreSQL connected: PostgreSQL 18.3
2026-03-20 17:51:08 [[32minfo[39m]: ✅ PostgreSQL connected
2026-03-20 17:51:08 [[32minfo[39m]: Socket.IO ready
2026-03-20 17:51:08 [[32minfo[39m]: ✅ Socket.IO initialised
2026-03-20 17:51:08 [[32minfo[39m]: 🚀 SwasthyaAI API  →  http://localhost:5000
2026-03-20 17:51:08 [[32minfo[39m]: 📋 Environment     →  development
2026-03-20 17:51:08 [[32minfo[39m]: 📡 SMS Provider    →  console
2026-03-20 17:51:08 [[32minfo[39m]: 🎥 Video Provider  →  jitsi
2026-03-20 17:51:27 [[32mhttp[39m]: ::1 - - [20/Mar/2026:12:21:27 +0000] "GET /health HTTP/1.1" 200 149 "-" "Mozilla/5.0 (Windows NT; Windows NT 10.0; en-IN) WindowsPowerShell/5.1.26100.7920"
2026-03-20 17:52:13 [[32mhttp[39m]: ::1 - - [20/Mar/2026:12:22:13 +0000] "POST /api/auth/login/admin HTTP/1.1" 200 625 "-" "axios/1.13.6"
2026-03-20 17:52:14 [[32mhttp[39m]: ::1 - - [20/Mar/2026:12:22:14 +0000] "POST /api/auth/login/user HTTP/1.1" 200 869 "-" "axios/1.13.6"
2026-03-20 17:52:15 [[32mhttp[39m]: ::1 - - [20/Mar/2026:12:22:15 +0000] "POST /api/auth/login/doctor HTTP/1.1" 200 882 "-" "axios/1.13.6"
2026-03-20 17:52:26 [[32mhttp[39m]: ::1 - - [20/Mar/2026:12:22:26 +0000] "POST /api/auth/login/admin HTTP/1.1" 200 625 "-" "axios/1.13.6"
2026-03-20 17:52:26 [[32mhttp[39m]: ::1 - - [20/Mar/2026:12:22:26 +0000] "POST /api/auth/refresh-token HTTP/1.1" 200 474 "-" "axios/1.13.6"
2026-03-20 17:52:37 [[32mhttp[39m]: ::1 - - [20/Mar/2026:12:22:37 +0000] "POST /api/auth/login/admin HTTP/1.1" 200 625 "-" "axios/1.13.6"
2026-03-20 17:52:37 [[32mhttp[39m]: ::1 - - [20/Mar/2026:12:22:37 +0000] "GET /api/admin/dashboard HTTP/1.1" 200 137 "-" "axios/1.13.6"
2026-03-20 17:56:47 [[32minfo[39m]: PostgreSQL connected: PostgreSQL 18.3
2026-03-20 18:05:35 [[32mhttp[39m]: ::1 - - [20/Mar/2026:12:35:35 +0000] "GET /health HTTP/1.1" 200 149 "-" "-"
2026-03-20 18:05:43 [[32mhttp[39m]: ::1 - - [20/Mar/2026:12:35:43 +0000] "GET /health HTTP/1.1" 200 149 "-" "curl/8.18.0"
2026-03-20 18:06:25 [[32mhttp[39m]: ::1 - - [20/Mar/2026:12:36:25 +0000] "POST /api/auth/login/admin HTTP/1.1" 200 625 "-" "-"
2026-03-20 18:06:40 [[32mhttp[39m]: ::1 - - [20/Mar/2026:12:36:40 +0000] "POST /api/auth/login/admin HTTP/1.1" 200 625 "-" "-"
2026-03-20 18:06:40 [[32mhttp[39m]: ::1 - - [20/Mar/2026:12:36:40 +0000] "POST /api/auth/refresh HTTP/1.1" 404 63 "-" "-"
2026-03-20 18:06:53 [[32mhttp[39m]: ::1 - - [20/Mar/2026:12:36:53 +0000] "POST /api/auth/login/admin HTTP/1.1" 200 625 "-" "-"
2026-03-20 18:06:53 [[32mhttp[39m]: ::1 - - [20/Mar/2026:12:36:53 +0000] "POST /api/auth/refresh-token HTTP/1.1" 200 474 "-" "-"
2026-03-20 18:08:50 [[32minfo[39m]: PostgreSQL connected: PostgreSQL 18.3
2026-03-20 18:08:50 [[32minfo[39m]: PostgreSQL connected: PostgreSQL 18.3
2026-03-20 18:08:50 [[32minfo[39m]: ✅ PostgreSQL connected
2026-03-20 18:08:50 [[32minfo[39m]: Socket.IO ready
2026-03-20 18:08:50 [[32minfo[39m]: ✅ Socket.IO initialised
2026-03-20 18:08:50 [[32minfo[39m]: 🚀 SwasthyaAI API  →  http://localhost:5000
2026-03-20 18:08:50 [[32minfo[39m]: 📋 Environment     →  development
2026-03-20 18:08:50 [[32minfo[39m]: 📡 SMS Provider    →  console
2026-03-20 18:08:50 [[32minfo[39m]: 🎥 Video Provider  →  jitsi
2026-03-20 18:08:58 [[32minfo[39m]: PostgreSQL connected: PostgreSQL 18.3
2026-03-20 18:08:58 [[32minfo[39m]: ✅ PostgreSQL connected
2026-03-20 18:08:58 [[32minfo[39m]: Socket.IO ready
2026-03-20 18:08:58 [[32minfo[39m]: ✅ Socket.IO initialised
2026-03-20 18:08:58 [[32minfo[39m]: 🚀 SwasthyaAI API  →  http://localhost:5000
2026-03-20 18:08:58 [[32minfo[39m]: 📋 Environment     →  development
2026-03-20 18:08:58 [[32minfo[39m]: 📡 SMS Provider    →  console
2026-03-20 18:08:58 [[32minfo[39m]: 🎥 Video Provider  →  jitsi
2026-03-20 18:08:58 [[32minfo[39m]: PostgreSQL connected: PostgreSQL 18.3
2026-03-20 18:09:03 [[32minfo[39m]: PostgreSQL connected: PostgreSQL 18.3
2026-03-20 18:09:03 [[32minfo[39m]: PostgreSQL connected: PostgreSQL 18.3
2026-03-20 18:09:03 [[32minfo[39m]: ✅ PostgreSQL connected
2026-03-20 18:09:03 [[32minfo[39m]: Socket.IO ready
2026-03-20 18:09:03 [[32minfo[39m]: ✅ Socket.IO initialised
2026-03-20 18:09:03 [[32minfo[39m]: 🚀 SwasthyaAI API  →  http://localhost:5000
2026-03-20 18:09:03 [[32minfo[39m]: 📋 Environment     →  development
2026-03-20 18:09:03 [[32minfo[39m]: 📡 SMS Provider    →  console
2026-03-20 18:09:03 [[32minfo[39m]: 🎥 Video Provider  →  jitsi
2026-03-20 18:33:19 [[32minfo[39m]: PostgreSQL connected: PostgreSQL 18.3
2026-03-20 18:33:19 [[32minfo[39m]: ✅ PostgreSQL connected
2026-03-20 18:33:19 [[32minfo[39m]: Socket.IO ready
2026-03-20 18:33:19 [[32minfo[39m]: ✅ Socket.IO initialised
2026-03-20 18:33:19 [[32minfo[39m]: 🚀 SwasthyaAI API  →  http://localhost:5000
2026-03-20 18:33:19 [[32minfo[39m]: 📋 Environment     →  development
2026-03-20 18:33:19 [[32minfo[39m]: 📡 SMS Provider    →  console
2026-03-20 18:33:19 [[32minfo[39m]: 🎥 Video Provider  →  jitsi
2026-03-20 18:35:21 [[32mhttp[39m]: ::1 - - [20/Mar/2026:13:05:21 +0000] "GET / HTTP/1.1" 404 47 "-" "Mozilla/5.0 (Windows NT 10.0; Win64; x64) AppleWebKit/537.36 (KHTML, like Gecko) Chrome/146.0.0.0 Safari/537.36"
2026-03-20 18:35:21 [[32mhttp[39m]: ::1 - - [20/Mar/2026:13:05:21 +0000] "GET /favicon.ico HTTP/1.1" 404 58 "-" "Mozilla/5.0 (Windows NT 10.0; Win64; x64) AppleWebKit/537.36 (KHTML, like Gecko) Chrome/146.0.0.0 Safari/537.36"
2026-03-20 18:35:55 [[32mhttp[39m]: ::1 - - [20/Mar/2026:13:05:55 +0000] "GET / HTTP/1.1" 404 47 "-" "Mozilla/5.0 (Windows NT 10.0; Win64; x64) AppleWebKit/537.36 (KHTML, like Gecko) Chrome/146.0.0.0 Safari/537.36"
2026-03-20 18:55:58 [[32minfo[39m]: PostgreSQL connected: PostgreSQL 18.3
2026-03-20 18:55:58 [[32minfo[39m]: ✅ PostgreSQL connected
2026-03-20 18:55:58 [[32minfo[39m]: Socket.IO ready
2026-03-20 18:55:58 [[32minfo[39m]: ✅ Socket.IO initialised
2026-03-20 18:55:58 [[32minfo[39m]: 🚀 SwasthyaAI API  →  http://localhost:5000
2026-03-20 18:55:58 [[32minfo[39m]: 📋 Environment     →  development
2026-03-20 18:55:58 [[32minfo[39m]: 📡 SMS Provider    →  console
2026-03-20 18:55:58 [[32minfo[39m]: 🎥 Video Provider  →  jitsi
2026-03-20 18:57:58 [[32mhttp[39m]: ::1 - - [20/Mar/2026:13:27:58 +0000] "GET / HTTP/1.1" 404 47 "-" "Mozilla/5.0 (Windows NT; Windows NT 10.0; en-IN) WindowsPowerShell/5.1.26100.7920"
2026-03-20 18:59:34 [[32minfo[39m]: PostgreSQL connected: PostgreSQL 18.3
2026-03-20 18:59:34 [[32minfo[39m]: ✅ PostgreSQL connected
2026-03-20 18:59:34 [[32minfo[39m]: Socket.IO ready
2026-03-20 18:59:34 [[32minfo[39m]: ✅ Socket.IO initialised
2026-03-20 18:59:34 [[32minfo[39m]: 🚀 SwasthyaAI API  →  http://localhost:5000
2026-03-20 18:59:34 [[32minfo[39m]: 📋 Environment     →  development
2026-03-20 18:59:34 [[32minfo[39m]: 📡 SMS Provider    →  console
2026-03-20 18:59:34 [[32minfo[39m]: 🎥 Video Provider  →  jitsi
2026-03-20 18:59:41 [[32minfo[39m]: PostgreSQL connected: PostgreSQL 18.3
2026-03-20 19:01:42 [[32minfo[39m]: PostgreSQL connected: PostgreSQL 18.3
2026-03-20 19:01:42 [[32minfo[39m]: ✅ PostgreSQL connected
2026-03-20 19:01:42 [[32minfo[39m]: Socket.IO ready
2026-03-20 19:01:42 [[32minfo[39m]: ✅ Socket.IO initialised
2026-03-20 19:01:42 [[32minfo[39m]: 🚀 SwasthyaAI API  →  http://localhost:5000
2026-03-20 19:01:42 [[32minfo[39m]: 📋 Environment     →  development
2026-03-20 19:01:42 [[32minfo[39m]: 📡 SMS Provider    →  console
2026-03-20 19:01:42 [[32minfo[39m]: 🎥 Video Provider  →  jitsi
2026-03-20 19:01:51 [[32minfo[39m]: PostgreSQL connected: PostgreSQL 18.3
2026-03-20 19:03:52 [[32minfo[39m]: PostgreSQL connected: PostgreSQL 18.3
2026-03-20 19:03:52 [[32minfo[39m]: ✅ PostgreSQL connected
2026-03-20 19:03:52 [[32minfo[39m]: Socket.IO ready
2026-03-20 19:03:52 [[32minfo[39m]: ✅ Socket.IO initialised
2026-03-20 19:03:52 [[32minfo[39m]: 🚀 SwasthyaAI API  →  http://localhost:5000
2026-03-20 19:03:52 [[32minfo[39m]: 📋 Environment     →  development
2026-03-20 19:03:52 [[32minfo[39m]: 📡 SMS Provider    →  console
2026-03-20 19:03:52 [[32minfo[39m]: 🎥 Video Provider  →  jitsi
2026-03-20 19:06:26 [[32mhttp[39m]: ::1 - - [20/Mar/2026:13:36:26 +0000] "GET /api/health HTTP/1.1" 404 57 "http://localhost:5173/" "Mozilla/5.0 (Windows NT 10.0; Win64; x64) AppleWebKit/537.36 (KHTML, like Gecko) Chrome/146.0.0.0 Safari/537.36"
2026-03-20 19:06:26 [[32mhttp[39m]: ::1 - - [20/Mar/2026:13:36:26 +0000] "GET /api/health HTTP/1.1" 404 57 "http://localhost:5173/" "Mozilla/5.0 (Windows NT 10.0; Win64; x64) AppleWebKit/537.36 (KHTML, like Gecko) Chrome/146.0.0.0 Safari/537.36"
2026-03-20 19:06:28 [[32mhttp[39m]: ::1 - - [20/Mar/2026:13:36:28 +0000] "GET /api/health HTTP/1.1" 404 57 "http://localhost:5173/" "Mozilla/5.0 (Windows NT 10.0; Win64; x64) AppleWebKit/537.36 (KHTML, like Gecko) Chrome/146.0.0.0 Safari/537.36"
2026-03-20 19:06:28 [[32mhttp[39m]: ::1 - - [20/Mar/2026:13:36:28 +0000] "GET /api/health HTTP/1.1" 404 57 "http://localhost:5173/" "Mozilla/5.0 (Windows NT 10.0; Win64; x64) AppleWebKit/537.36 (KHTML, like Gecko) Chrome/146.0.0.0 Safari/537.36"
2026-03-20 19:06:29 [[32mhttp[39m]: ::1 - - [20/Mar/2026:13:36:29 +0000] "GET /api/health HTTP/1.1" 404 57 "http://localhost:5173/" "Mozilla/5.0 (Windows NT 10.0; Win64; x64) AppleWebKit/537.36 (KHTML, like Gecko) Chrome/146.0.0.0 Safari/537.36"
2026-03-20 19:06:29 [[32mhttp[39m]: ::1 - - [20/Mar/2026:13:36:29 +0000] "GET /api/health HTTP/1.1" 404 57 "http://localhost:5173/" "Mozilla/5.0 (Windows NT 10.0; Win64; x64) AppleWebKit/537.36 (KHTML, like Gecko) Chrome/146.0.0.0 Safari/537.36"
2026-03-20 19:06:30 [[32mhttp[39m]: ::1 - - [20/Mar/2026:13:36:30 +0000] "GET /api/health HTTP/1.1" 404 57 "http://localhost:5173/" "Mozilla/5.0 (Windows NT 10.0; Win64; x64) AppleWebKit/537.36 (KHTML, like Gecko) Chrome/146.0.0.0 Safari/537.36"
2026-03-20 19:06:30 [[32mhttp[39m]: ::1 - - [20/Mar/2026:13:36:30 +0000] "GET /api/health HTTP/1.1" 404 57 "http://localhost:5173/" "Mozilla/5.0 (Windows NT 10.0; Win64; x64) AppleWebKit/537.36 (KHTML, like Gecko) Chrome/146.0.0.0 Safari/537.36"
2026-03-20 19:06:30 [[32mhttp[39m]: ::1 - - [20/Mar/2026:13:36:30 +0000] "GET /api/health HTTP/1.1" 404 57 "http://localhost:5173/" "Mozilla/5.0 (Windows NT 10.0; Win64; x64) AppleWebKit/537.36 (KHTML, like Gecko) Chrome/146.0.0.0 Safari/537.36"
2026-03-20 19:06:30 [[32mhttp[39m]: ::1 - - [20/Mar/2026:13:36:30 +0000] "GET /api/health HTTP/1.1" 404 57 "http://localhost:5173/" "Mozilla/5.0 (Windows NT 10.0; Win64; x64) AppleWebKit/537.36 (KHTML, like Gecko) Chrome/146.0.0.0 Safari/537.36"
2026-03-20 19:07:00 [[32mhttp[39m]: ::1 - - [20/Mar/2026:13:37:00 +0000] "GET / HTTP/1.1" 404 47 "-" "Mozilla/5.0 (Windows NT 10.0; Win64; x64) AppleWebKit/537.36 (KHTML, like Gecko) Chrome/146.0.0.0 Safari/537.36"
2026-03-20 19:07:12 [[32mhttp[39m]: ::1 - - [20/Mar/2026:13:37:12 +0000] "GET /api/health HTTP/1.1" 404 57 "http://localhost:5173/" "Mozilla/5.0 (Windows NT 10.0; Win64; x64) AppleWebKit/537.36 (KHTML, like Gecko) Chrome/146.0.0.0 Safari/537.36"
2026-03-20 19:07:12 [[32mhttp[39m]: ::1 - - [20/Mar/2026:13:37:12 +0000] "GET /api/health HTTP/1.1" 404 57 "http://localhost:5173/" "Mozilla/5.0 (Windows NT 10.0; Win64; x64) AppleWebKit/537.36 (KHTML, like Gecko) Chrome/146.0.0.0 Safari/537.36"
2026-03-20 19:29:28 [[32minfo[39m]: PostgreSQL connected: PostgreSQL 18.3
2026-03-20 19:29:28 [[32minfo[39m]: ✅ PostgreSQL connected
2026-03-20 19:29:28 [[32minfo[39m]: Socket.IO ready
2026-03-20 19:29:28 [[32minfo[39m]: ✅ Socket.IO initialised
2026-03-20 19:29:28 [[32minfo[39m]: 🚀 SwasthyaAI API  →  http://localhost:5000
2026-03-20 19:29:28 [[32minfo[39m]: 📋 Environment     →  development
2026-03-20 19:29:28 [[32minfo[39m]: 📡 SMS Provider    →  console
2026-03-20 19:29:28 [[32minfo[39m]: 🎥 Video Provider  →  jitsi
2026-03-20 19:30:02 [[32mhttp[39m]: ::1 - - [20/Mar/2026:14:00:02 +0000] "GET /health HTTP/1.1" 200 149 "-" "Mozilla/5.0 (Windows NT 10.0; Win64; x64) AppleWebKit/537.36 (KHTML, like Gecko) Chrome/146.0.0.0 Safari/537.36"
2026-03-20 19:30:08 [[32mhttp[39m]: ::1 - - [20/Mar/2026:14:00:08 +0000] "GET /api HTTP/1.1" 404 50 "-" "Mozilla/5.0 (Windows NT 10.0; Win64; x64) AppleWebKit/537.36 (KHTML, like Gecko) Chrome/146.0.0.0 Safari/537.36"
2026-03-20 19:30:14 [[32mhttp[39m]: ::1 - - [20/Mar/2026:14:00:14 +0000] "GET / HTTP/1.1" 404 47 "-" "Mozilla/5.0 (Windows NT 10.0; Win64; x64) AppleWebKit/537.36 (KHTML, like Gecko) Chrome/146.0.0.0 Safari/537.36"
2026-03-20 19:35:06 [[32minfo[39m]: PostgreSQL connected: PostgreSQL 18.3
2026-03-20 19:35:06 [[32minfo[39m]: ✅ PostgreSQL connected
2026-03-20 19:35:06 [[32minfo[39m]: Socket.IO ready
2026-03-20 19:35:06 [[32minfo[39m]: ✅ Socket.IO initialised
2026-03-20 19:35:06 [[32minfo[39m]: 🚀 SwasthyaAI API  →  http://localhost:5000
2026-03-20 19:35:06 [[32minfo[39m]: 📋 Environment     →  development
2026-03-20 19:35:06 [[32minfo[39m]: 📡 SMS Provider    →  console
2026-03-20 19:35:06 [[32minfo[39m]: 🎥 Video Provider  →  jitsi
2026-03-20 23:32:54 [[32minfo[39m]: PostgreSQL connected: PostgreSQL 18.3
2026-03-20 23:32:54 [[32minfo[39m]: ✅ PostgreSQL connected
2026-03-20 23:32:54 [[32minfo[39m]: Socket.IO ready
2026-03-20 23:32:54 [[32minfo[39m]: ✅ Socket.IO initialised
2026-03-20 23:32:54 [[32minfo[39m]: 🚀 SwasthyaAI API  →  http://localhost:5000
2026-03-20 23:32:54 [[32minfo[39m]: 📋 Environment     →  development
2026-03-20 23:32:54 [[32minfo[39m]: 📡 SMS Provider    →  console
2026-03-20 23:32:54 [[32minfo[39m]: 🎥 Video Provider  →  jitsi
2026-03-20 23:41:54 [[32minfo[39m]: PostgreSQL connected: PostgreSQL 18.3
2026-03-20 23:41:54 [[32minfo[39m]: ✅ PostgreSQL connected
2026-03-20 23:41:54 [[32minfo[39m]: Socket.IO ready
2026-03-20 23:41:54 [[32minfo[39m]: ✅ Socket.IO initialised
2026-03-20 23:41:54 [[32minfo[39m]: 🚀 SwasthyaAI API  →  http://localhost:5000
2026-03-20 23:41:54 [[32minfo[39m]: 📋 Environment     →  development
2026-03-20 23:41:54 [[32minfo[39m]: 📡 SMS Provider    →  console
2026-03-20 23:41:54 [[32minfo[39m]: 🎥 Video Provider  →  jitsi
2026-03-20 23:48:16 [[32minfo[39m]: PostgreSQL connected: PostgreSQL 18.3
2026-03-20 23:48:16 [[32minfo[39m]: ✅ PostgreSQL connected
2026-03-20 23:48:16 [[32minfo[39m]: Socket.IO ready
2026-03-20 23:48:16 [[32minfo[39m]: ✅ Socket.IO initialised
2026-03-20 23:48:16 [[32minfo[39m]: 🚀 SwasthyaAI API  →  http://localhost:5000
2026-03-20 23:48:16 [[32minfo[39m]: 📋 Environment     →  development
2026-03-20 23:48:16 [[32minfo[39m]: 📡 SMS Provider    →  console
2026-03-20 23:48:16 [[32minfo[39m]: 🎥 Video Provider  →  jitsi
2026-03-20 23:48:36 [[32minfo[39m]: PostgreSQL connected: PostgreSQL 18.3
2026-03-20 23:48:36 [[32minfo[39m]: ✅ PostgreSQL connected
2026-03-20 23:48:36 [[32minfo[39m]: Socket.IO ready
2026-03-20 23:48:36 [[32minfo[39m]: ✅ Socket.IO initialised
2026-03-20 23:48:36 [[32minfo[39m]: 🚀 SwasthyaAI API  →  http://localhost:5000
2026-03-20 23:48:36 [[32minfo[39m]: 📋 Environment     →  development
2026-03-20 23:48:36 [[32minfo[39m]: 📡 SMS Provider    →  console
2026-03-20 23:48:36 [[32minfo[39m]: 🎥 Video Provider  →  jitsi
2026-03-20 23:48:52 [[32mhttp[39m]: ::1 - - [20/Mar/2026:18:18:52 +0000] "GET /api/health HTTP/1.1" 404 57 "http://localhost:5173/" "Mozilla/5.0 (Windows NT 10.0; Win64; x64) AppleWebKit/537.36 (KHTML, like Gecko) Chrome/146.0.0.0 Safari/537.36"
2026-03-20 23:48:52 [[32mhttp[39m]: ::1 - - [20/Mar/2026:18:18:52 +0000] "GET /api/health HTTP/1.1" 404 57 "http://localhost:5173/" "Mozilla/5.0 (Windows NT 10.0; Win64; x64) AppleWebKit/537.36 (KHTML, like Gecko) Chrome/146.0.0.0 Safari/537.36"
2026-03-20 23:48:52 [[32mhttp[39m]: ::1 - - [20/Mar/2026:18:18:52 +0000] "GET /api/health HTTP/1.1" 404 57 "http://localhost:5173/" "Mozilla/5.0 (Windows NT 10.0; Win64; x64) AppleWebKit/537.36 (KHTML, like Gecko) Chrome/146.0.0.0 Safari/537.36"
2026-03-20 23:48:52 [[32mhttp[39m]: ::1 - - [20/Mar/2026:18:18:52 +0000] "GET /api/health HTTP/1.1" 404 57 "http://localhost:5173/" "Mozilla/5.0 (Windows NT 10.0; Win64; x64) AppleWebKit/537.36 (KHTML, like Gecko) Chrome/146.0.0.0 Safari/537.36"
2026-03-20 23:49:01 [[32mhttp[39m]: ::1 - - [20/Mar/2026:18:19:01 +0000] "GET /api/health HTTP/1.1" 404 57 "http://localhost:5173/" "Mozilla/5.0 (Windows NT 10.0; Win64; x64) AppleWebKit/537.36 (KHTML, like Gecko) Chrome/146.0.0.0 Safari/537.36"
2026-03-20 23:49:01 [[32mhttp[39m]: ::1 - - [20/Mar/2026:18:19:01 +0000] "GET /api/health HTTP/1.1" 404 57 "http://localhost:5173/" "Mozilla/5.0 (Windows NT 10.0; Win64; x64) AppleWebKit/537.36 (KHTML, like Gecko) Chrome/146.0.0.0 Safari/537.36"
2026-03-20 23:49:33 [[32mhttp[39m]: ::1 - - [20/Mar/2026:18:19:33 +0000] "GET /api/health HTTP/1.1" 404 57 "http://localhost:5173/" "Mozilla/5.0 (Windows NT 10.0; Win64; x64) AppleWebKit/537.36 (KHTML, like Gecko) Chrome/146.0.0.0 Safari/537.36"
2026-03-20 23:49:33 [[32mhttp[39m]: ::1 - - [20/Mar/2026:18:19:33 +0000] "GET /api/health HTTP/1.1" 404 57 "http://localhost:5173/" "Mozilla/5.0 (Windows NT 10.0; Win64; x64) AppleWebKit/537.36 (KHTML, like Gecko) Chrome/146.0.0.0 Safari/537.36"
2026-03-20 23:49:34 [[32mhttp[39m]: ::1 - - [20/Mar/2026:18:19:34 +0000] "GET /api/health HTTP/1.1" 404 57 "http://localhost:5173/" "Mozilla/5.0 (Windows NT 10.0; Win64; x64) AppleWebKit/537.36 (KHTML, like Gecko) Chrome/146.0.0.0 Safari/537.36"
2026-03-20 23:49:34 [[32mhttp[39m]: ::1 - - [20/Mar/2026:18:19:34 +0000] "GET /api/health HTTP/1.1" 404 57 "http://localhost:5173/" "Mozilla/5.0 (Windows NT 10.0; Win64; x64) AppleWebKit/537.36 (KHTML, like Gecko) Chrome/146.0.0.0 Safari/537.36"
2026-03-20 23:49:39 [[32mhttp[39m]: ::1 - - [20/Mar/2026:18:19:39 +0000] "GET /api/health HTTP/1.1" 404 57 "http://localhost:5173/" "Mozilla/5.0 (Windows NT 10.0; Win64; x64) AppleWebKit/537.36 (KHTML, like Gecko) Chrome/146.0.0.0 Safari/537.36"
2026-03-20 23:49:39 [[32mhttp[39m]: ::1 - - [20/Mar/2026:18:19:39 +0000] "GET /api/health HTTP/1.1" 404 57 "http://localhost:5173/" "Mozilla/5.0 (Windows NT 10.0; Win64; x64) AppleWebKit/537.36 (KHTML, like Gecko) Chrome/146.0.0.0 Safari/537.36"
2026-03-21 00:17:59 [[32minfo[39m]: PostgreSQL connected: PostgreSQL 18.3
2026-03-21 00:17:59 [[32minfo[39m]: ✅ PostgreSQL connected
2026-03-21 00:17:59 [[32minfo[39m]: Socket.IO ready
2026-03-21 00:17:59 [[32minfo[39m]: ✅ Socket.IO initialised
2026-03-21 00:17:59 [[32minfo[39m]: 🚀 SwasthyaAI API  →  http://localhost:5000
2026-03-21 00:17:59 [[32minfo[39m]: 📋 Environment     →  development
2026-03-21 00:17:59 [[32minfo[39m]: 📡 SMS Provider    →  console
2026-03-21 00:17:59 [[32minfo[39m]: 🎥 Video Provider  →  jitsi
2026-03-21 12:55:30 [[32minfo[39m]: PostgreSQL connected: PostgreSQL 18.3
2026-03-21 12:55:30 [[32minfo[39m]: ✅ PostgreSQL connected
2026-03-21 12:55:30 [[32minfo[39m]: Socket.IO ready
2026-03-21 12:55:30 [[32minfo[39m]: ✅ Socket.IO initialised
2026-03-21 12:55:30 [[32minfo[39m]: 🚀 SwasthyaAI API  →  http://localhost:5000
2026-03-21 12:55:30 [[32minfo[39m]: 📋 Environment     →  development
2026-03-21 12:55:30 [[32minfo[39m]: 📡 SMS Provider    →  console
2026-03-21 12:55:30 [[32minfo[39m]: 🎥 Video Provider  →  jitsi
2026-03-21 12:56:37 [[32minfo[39m]: PostgreSQL connected: PostgreSQL 18.3
2026-03-21 12:56:37 [[32minfo[39m]: ✅ PostgreSQL connected
2026-03-21 12:56:37 [[32minfo[39m]: Socket.IO ready
2026-03-21 12:56:37 [[32minfo[39m]: ✅ Socket.IO initialised
2026-03-21 12:56:37 [[32minfo[39m]: 🚀 SwasthyaAI API  →  http://localhost:5000
2026-03-21 12:56:37 [[32minfo[39m]: 📋 Environment     →  development
2026-03-21 12:56:37 [[32minfo[39m]: 📡 SMS Provider    →  console
2026-03-21 12:56:37 [[32minfo[39m]: 🎥 Video Provider  →  jitsi
2026-03-21 12:57:17 [[32mhttp[39m]: ::1 - - [21/Mar/2026:07:27:17 +0000] "GET /health HTTP/1.1" 200 149 "-" "Mozilla/5.0 (Windows NT; Windows NT 10.0; en-IN) WindowsPowerShell/5.1.26100.7920"
2026-03-21 12:57:52 [[32minfo[39m]: PostgreSQL connected: PostgreSQL 18.3
2026-03-21 12:57:52 [[32minfo[39m]: ✅ PostgreSQL connected
2026-03-21 12:57:52 [[32minfo[39m]: Socket.IO ready
2026-03-21 12:57:52 [[32minfo[39m]: ✅ Socket.IO initialised
2026-03-21 12:57:52 [[32minfo[39m]: 🚀 SwasthyaAI API  →  http://localhost:5000
2026-03-21 12:57:52 [[32minfo[39m]: 📋 Environment     →  development
2026-03-21 12:57:52 [[32minfo[39m]: 📡 SMS Provider    →  console
2026-03-21 12:57:52 [[32minfo[39m]: 🎥 Video Provider  →  jitsi
2026-03-21 12:57:52 [[32mhttp[39m]: ::ffff:127.0.0.1 - - [21/Mar/2026:07:27:52 +0000] "GET /api/health HTTP/1.1" 200 149 "-" "Mozilla/5.0 (Windows NT; Windows NT 10.0; en-IN) WindowsPowerShell/5.1.26100.7920"
2026-03-21 13:00:05 [[33mwarn[39m]: Slot cleanup error:
2026-03-21 13:00:05 [[33mwarn[39m]: OTP cleanup error:
2026-03-21 13:21:33 [[32mhttp[39m]: ::1 - - [21/Mar/2026:07:51:33 +0000] "GET /api/health HTTP/1.1" 200 149 "-" "Mozilla/5.0 (Windows NT; Windows NT 10.0; en-IN) WindowsPowerShell/5.1.26100.7920"
2026-03-21 13:22:01 [[32mhttp[39m]: ::1 - - [21/Mar/2026:07:52:01 +0000] "GET /api/health HTTP/1.1" 200 149 "http://localhost:5173/" "Mozilla/5.0 (Windows NT 10.0; Win64; x64) AppleWebKit/537.36 (KHTML, like Gecko) Code/1.112.0 Chrome/142.0.7444.265 Electron/39.8.0 Safari/537.36"
2026-03-21 13:22:01 [[32mhttp[39m]: ::1 - - [21/Mar/2026:07:52:01 +0000] "GET /api/health HTTP/1.1" 200 149 "http://localhost:5173/" "Mozilla/5.0 (Windows NT 10.0; Win64; x64) AppleWebKit/537.36 (KHTML, like Gecko) Code/1.112.0 Chrome/142.0.7444.265 Electron/39.8.0 Safari/537.36"
2026-03-21 13:22:28 [[32mhttp[39m]: ::1 - - [21/Mar/2026:07:52:28 +0000] "POST /api/auth/login/user HTTP/1.1" 401 56 "http://localhost:5173/" "Mozilla/5.0 (Windows NT 10.0; Win64; x64) AppleWebKit/537.36 (KHTML, like Gecko) Code/1.112.0 Chrome/142.0.7444.265 Electron/39.8.0 Safari/537.36"
2026-03-21 13:22:47 [[32mhttp[39m]: ::1 - - [21/Mar/2026:07:52:47 +0000] "POST /api/auth/login/user HTTP/1.1" 200 869 "http://localhost:5173/" "Mozilla/5.0 (Windows NT 10.0; Win64; x64) AppleWebKit/537.36 (KHTML, like Gecko) Code/1.112.0 Chrome/142.0.7444.265 Electron/39.8.0 Safari/537.36"
2026-03-21 13:22:48 [[32mhttp[39m]: ::1 - - [21/Mar/2026:07:52:48 +0000] "GET /api/users/doctor-updates HTTP/1.1" 200 - "http://localhost:5173/" "Mozilla/5.0 (Windows NT 10.0; Win64; x64) AppleWebKit/537.36 (KHTML, like Gecko) Code/1.112.0 Chrome/142.0.7444.265 Electron/39.8.0 Safari/537.36"
2026-03-21 13:22:48 [[32mhttp[39m]: ::1 - - [21/Mar/2026:07:52:48 +0000] "GET /api/users/doctor-updates HTTP/1.1" 304 - "http://localhost:5173/" "Mozilla/5.0 (Windows NT 10.0; Win64; x64) AppleWebKit/537.36 (KHTML, like Gecko) Code/1.112.0 Chrome/142.0.7444.265 Electron/39.8.0 Safari/537.36"
2026-03-21 13:22:48 [[32mhttp[39m]: ::1 - - [21/Mar/2026:07:52:48 +0000] "GET /api/notifications HTTP/1.1" 200 61 "http://localhost:5173/" "Mozilla/5.0 (Windows NT 10.0; Win64; x64) AppleWebKit/537.36 (KHTML, like Gecko) Code/1.112.0 Chrome/142.0.7444.265 Electron/39.8.0 Safari/537.36"
2026-03-21 13:22:48 [[32mhttp[39m]: ::1 - - [21/Mar/2026:07:52:48 +0000] "GET /api/doctors/list HTTP/1.1" 200 322 "http://localhost:5173/" "Mozilla/5.0 (Windows NT 10.0; Win64; x64) AppleWebKit/537.36 (KHTML, like Gecko) Code/1.112.0 Chrome/142.0.7444.265 Electron/39.8.0 Safari/537.36"
2026-03-21 13:22:48 [[32mhttp[39m]: ::1 - - [21/Mar/2026:07:52:48 +0000] "GET /api/doctors/list HTTP/1.1" 304 - "http://localhost:5173/" "Mozilla/5.0 (Windows NT 10.0; Win64; x64) AppleWebKit/537.36 (KHTML, like Gecko) Code/1.112.0 Chrome/142.0.7444.265 Electron/39.8.0 Safari/537.36"
2026-03-21 13:22:48 [[32mhttp[39m]: ::1 - - [21/Mar/2026:07:52:48 +0000] "GET /api/notifications HTTP/1.1" 304 - "http://localhost:5173/" "Mozilla/5.0 (Windows NT 10.0; Win64; x64) AppleWebKit/537.36 (KHTML, like Gecko) Code/1.112.0 Chrome/142.0.7444.265 Electron/39.8.0 Safari/537.36"
2026-03-21 13:22:48 [[32mhttp[39m]: ::1 - - [21/Mar/2026:07:52:48 +0000] "GET /api/prescriptions/patient HTTP/1.1" 200 - "http://localhost:5173/" "Mozilla/5.0 (Windows NT 10.0; Win64; x64) AppleWebKit/537.36 (KHTML, like Gecko) Code/1.112.0 Chrome/142.0.7444.265 Electron/39.8.0 Safari/537.36"
2026-03-21 13:22:48 [[32mhttp[39m]: ::1 - - [21/Mar/2026:07:52:48 +0000] "GET /api/prescriptions/patient HTTP/1.1" 304 - "http://localhost:5173/" "Mozilla/5.0 (Windows NT 10.0; Win64; x64) AppleWebKit/537.36 (KHTML, like Gecko) Code/1.112.0 Chrome/142.0.7444.265 Electron/39.8.0 Safari/537.36"
2026-03-21 13:22:48 [[32mhttp[39m]: ::1 - - [21/Mar/2026:07:52:48 +0000] "GET /api/appointments/my HTTP/1.1" 200 - "http://localhost:5173/" "Mozilla/5.0 (Windows NT 10.0; Win64; x64) AppleWebKit/537.36 (KHTML, like Gecko) Code/1.112.0 Chrome/142.0.7444.265 Electron/39.8.0 Safari/537.36"
2026-03-21 13:22:48 [[32mhttp[39m]: ::1 - - [21/Mar/2026:07:52:48 +0000] "GET /api/appointments/my HTTP/1.1" 304 - "http://localhost:5173/" "Mozilla/5.0 (Windows NT 10.0; Win64; x64) AppleWebKit/537.36 (KHTML, like Gecko) Code/1.112.0 Chrome/142.0.7444.265 Electron/39.8.0 Safari/537.36"
2026-03-21 13:26:52 [[32mhttp[39m]: ::1 - - [21/Mar/2026:07:56:52 +0000] "GET /api/health HTTP/1.1" 200 149 "http://localhost:5173/" "Mozilla/5.0 (Windows NT 10.0; Win64; x64) AppleWebKit/537.36 (KHTML, like Gecko) Chrome/146.0.0.0 Safari/537.36"
2026-03-21 13:26:52 [[32mhttp[39m]: ::1 - - [21/Mar/2026:07:56:52 +0000] "GET /api/health HTTP/1.1" 200 149 "http://localhost:5173/" "Mozilla/5.0 (Windows NT 10.0; Win64; x64) AppleWebKit/537.36 (KHTML, like Gecko) Chrome/146.0.0.0 Safari/537.36"
2026-03-21 13:56:25 [[32minfo[39m]: PostgreSQL connected: PostgreSQL 18.3
2026-03-21 13:56:25 [[32minfo[39m]: ✅ PostgreSQL connected
2026-03-21 13:56:25 [[32minfo[39m]: Socket.IO ready
2026-03-21 13:56:25 [[32minfo[39m]: ✅ Socket.IO initialised
2026-03-21 13:56:25 [[32minfo[39m]: 🚀 SwasthyaAI API  →  http://localhost:5000
2026-03-21 13:56:25 [[32minfo[39m]: 📋 Environment     →  development
2026-03-21 13:56:25 [[32minfo[39m]: 📡 SMS Provider    →  console
2026-03-21 13:56:25 [[32minfo[39m]: 🎥 Video Provider  →  jitsi
2026-03-21 17:53:33 [[32minfo[39m]: PostgreSQL connected: PostgreSQL 18.3
2026-03-21 17:53:33 [[32minfo[39m]: ✅ PostgreSQL connected
2026-03-21 17:53:33 [[32minfo[39m]: Socket.IO ready
2026-03-21 17:53:33 [[32minfo[39m]: ✅ Socket.IO initialised
2026-03-21 17:53:33 [[32minfo[39m]: 🚀 SwasthyaAI API  →  http://localhost:5000
2026-03-21 17:53:33 [[32minfo[39m]: 📋 Environment     →  development
2026-03-21 17:53:33 [[32minfo[39m]: 📡 SMS Provider    →  console
2026-03-21 17:53:33 [[32minfo[39m]: 🎥 Video Provider  →  jitsi
2026-03-21 17:55:36 [[32minfo[39m]: PostgreSQL connected: PostgreSQL 18.3
2026-03-21 17:55:36 [[32minfo[39m]: ✅ PostgreSQL connected
2026-03-21 17:55:36 [[32minfo[39m]: Socket.IO ready
2026-03-21 17:55:36 [[32minfo[39m]: ✅ Socket.IO initialised
2026-03-21 17:55:36 [[32minfo[39m]: 🚀 SwasthyaAI API  →  http://localhost:5000
2026-03-21 17:55:36 [[32minfo[39m]: 📋 Environment     →  development
2026-03-21 17:55:36 [[32minfo[39m]: 📡 SMS Provider    →  console
2026-03-21 17:55:36 [[32minfo[39m]: 🎥 Video Provider  →  jitsi
2026-03-21 17:55:59 [[32mhttp[39m]: ::1 - - [21/Mar/2026:12:25:59 +0000] "GET /api/health HTTP/1.1" 200 149 "http://localhost:5173/" "Mozilla/5.0 (Windows NT 10.0; Win64; x64) AppleWebKit/537.36 (KHTML, like Gecko) Chrome/146.0.0.0 Safari/537.36"
2026-03-21 17:55:59 [[32mhttp[39m]: ::1 - - [21/Mar/2026:12:25:59 +0000] "GET /api/health HTTP/1.1" 200 149 "http://localhost:5173/" "Mozilla/5.0 (Windows NT 10.0; Win64; x64) AppleWebKit/537.36 (KHTML, like Gecko) Chrome/146.0.0.0 Safari/537.36"
2026-03-21 17:55:59 [[32mhttp[39m]: ::1 - - [21/Mar/2026:12:25:59 +0000] "GET /api/health HTTP/1.1" 200 149 "http://localhost:5173/" "Mozilla/5.0 (Windows NT 10.0; Win64; x64) AppleWebKit/537.36 (KHTML, like Gecko) Chrome/146.0.0.0 Safari/537.36"
2026-03-21 17:55:59 [[32mhttp[39m]: ::1 - - [21/Mar/2026:12:25:59 +0000] "GET /api/health HTTP/1.1" 200 149 "http://localhost:5173/" "Mozilla/5.0 (Windows NT 10.0; Win64; x64) AppleWebKit/537.36 (KHTML, like Gecko) Chrome/146.0.0.0 Safari/537.36"
2026-03-21 17:56:32 [[32mhttp[39m]: ::1 - - [21/Mar/2026:12:26:32 +0000] "GET /api/health HTTP/1.1" 200 149 "http://localhost:5173/" "Mozilla/5.0 (Windows NT 10.0; Win64; x64) AppleWebKit/537.36 (KHTML, like Gecko) Chrome/146.0.0.0 Safari/537.36"
2026-03-21 17:56:32 [[32mhttp[39m]: ::1 - - [21/Mar/2026:12:26:32 +0000] "GET /api/health HTTP/1.1" 200 149 "http://localhost:5173/" "Mozilla/5.0 (Windows NT 10.0; Win64; x64) AppleWebKit/537.36 (KHTML, like Gecko) Chrome/146.0.0.0 Safari/537.36"
